2022-10-16 20:34:16 INFO 'Registered User.'
2022-10-16 20:34:30 INFO 'Registered User.'
2022-10-16 20:53:23 INFO 'Registered User.'
2022-10-16 20:57:11 INFO 'Registered User.'
2022-10-16 20:57:20 INFO 'Registered User.'
2022-10-16 20:58:50 INFO 'Registered User.'
2022-10-16 20:59:42 INFO 'Registered User.'
2022-10-16 21:2:4 INFO 'Login User.'
2022-10-16 21:16:45 WARNING 'Not Found User.'
2022-10-16 21:18:52 INFO 'Login User.'
2022-11-25 16:36:58 INFO 'Success SERVICE.'
2022-11-25 16:42:14 INFO 'Success SERVICE.'
2022-11-26 18:16:32 ERROR 'INTERNAL SERVER ERROR.'
2022-11-26 18:17:29 ERROR 'INTERNAL SERVER ERROR.'
2022-11-26 18:17:47 INFO 'Login User.'
2022-11-30 17:24:7 INFO 'Success SERVICE.'
2022-11-30 17:24:7 INFO 'Success SERVICE.'
2022-11-30 17:24:8 INFO 'Success SERVICE.'
2022-11-30 17:24:8 INFO 'Success SERVICE.'
2022-11-30 17:26:17 INFO 'Success SERVICE.'
2022-11-30 17:26:17 INFO 'Success SERVICE.'
2022-11-30 17:27:34 INFO 'Success SERVICE.'
2022-11-30 17:27:34 INFO 'Success SERVICE.'
2022-11-30 17:28:36 INFO 'Success SERVICE.'
2022-11-30 17:28:36 INFO 'Success SERVICE.'
2022-11-30 17:34:42 INFO 'Success SERVICE.'
2022-11-30 17:34:42 INFO 'Success SERVICE.'
2022-11-30 17:34:56 INFO 'Success SERVICE.'
2022-11-30 17:34:56 INFO 'Success SERVICE.'
2022-11-30 17:35:2 INFO 'Success SERVICE.'
2022-11-30 17:35:2 INFO 'Success SERVICE.'
2022-11-30 17:44:40 INFO 'Success SERVICE.'
2022-11-30 17:44:56 INFO 'Success SERVICE.'
2022-12-01 15:24:11 INFO 'Success SERVICE.'
2022-12-01 15:24:11 INFO 'Success SERVICE.'
2022-12-01 15:25:22 INFO 'Success SERVICE.'
2022-12-01 15:26:52 INFO 'Success SERVICE.'
2022-12-01 15:26:52 INFO 'Success SERVICE.'
2022-12-01 15:27:18 INFO 'Success SERVICE.'
2022-12-01 15:28:56 INFO 'Success SERVICE.'
2022-12-01 15:28:56 INFO 'Success SERVICE.'
2022-12-01 15:29:33 INFO 'Success SERVICE.'
2022-12-01 15:29:33 INFO 'Success SERVICE.'
2022-12-01 15:33:16 INFO 'Success SERVICE.'
2022-12-01 15:33:16 INFO 'Success SERVICE.'
2022-12-01 15:33:54 INFO 'Success SERVICE.'
2022-12-01 15:33:54 INFO 'Success SERVICE.'
2022-12-01 15:35:34 INFO 'Success SERVICE.'
2022-12-01 15:35:34 INFO 'Success SERVICE.'
2022-12-01 15:36:26 INFO 'Success SERVICE.'
2022-12-01 15:36:33 INFO 'Success SERVICE.'
2022-12-01 15:36:33 INFO 'Success SERVICE.'
2022-12-01 15:36:52 INFO 'Success SERVICE.'
2022-12-01 15:36:53 INFO 'Success SERVICE.'
2022-12-01 15:39:27 INFO 'Success SERVICE.'
2022-12-01 15:39:28 INFO 'Success SERVICE.'
2022-12-01 15:39:28 INFO 'Success SERVICE.'
2022-12-01 15:39:46 INFO 'Success SERVICE.'
2022-12-01 15:39:47 INFO 'Success SERVICE.'
2022-12-01 15:39:47 INFO 'Success SERVICE.'
2022-12-01 15:39:52 INFO 'Success SERVICE.'
2022-12-01 15:39:52 INFO 'Success SERVICE.'
2022-12-01 15:41:4 INFO 'Success SERVICE.'
2022-12-01 15:41:4 INFO 'Success SERVICE.'
2022-12-01 15:41:7 INFO 'Success SERVICE.'
2022-12-01 15:41:7 INFO 'Success SERVICE.'
2022-12-01 15:41:13 INFO 'Success SERVICE.'
2022-12-01 15:41:13 INFO 'Success SERVICE.'
2022-12-01 15:41:29 INFO 'Success SERVICE.'
2022-12-01 15:41:29 INFO 'Success SERVICE.'
2022-12-01 15:41:36 INFO 'Success SERVICE.'
2022-12-01 15:41:36 INFO 'Success SERVICE.'
2022-12-01 15:43:25 INFO 'Success SERVICE.'
2022-12-01 15:43:26 INFO 'Success SERVICE.'
2022-12-01 15:43:26 INFO 'Success SERVICE.'
2022-12-01 15:44:30 INFO 'Success SERVICE.'
2022-12-01 15:44:30 INFO 'Success SERVICE.'
2022-12-01 15:44:57 INFO 'Success SERVICE.'
2022-12-01 15:44:57 INFO 'Success SERVICE.'
2022-12-01 15:45:44 INFO 'Success SERVICE.'
2022-12-01 15:46:10 INFO 'Success SERVICE.'
2022-12-01 15:46:10 INFO 'Success SERVICE.'
2022-12-01 15:48:34 INFO 'Success SERVICE.'
2022-12-01 15:48:34 INFO 'Success SERVICE.'
